# JRE version: OpenJDK Runtime Environment Temurin-21.0.5+11 (21.0.5+11) (build 21.0.5+11-LTS)
# Java VM: OpenJDK 64-Bit Server VM Temurin-21.0.5+11 (21.0.5+11-LTS, mixed mode, emulated-client, sharing, tiered, compressed oops, compressed class ptrs, g1 gc, windows-amd64)
GC Precious Log:
 CardTable entry size: 512
 Card Set container configuration: InlinePtr #cards 4 size 8 Array Of Cards #cards 16 size 48 Howl #buckets 8 coarsen threshold 3686 Howl Bitmap #cards 512 size 80 coarsen threshold 460 Card regions per heap region 1 cards per card region 4096
 CPUs: 8 total, 8 available
 Memory: 10116M
 Large Page Support: Disabled
 NUMA Support: Disabled
 Compressed Oops: Enabled (Zero based)
 Heap Region Size: 2M
 Heap Min Capacity: 8M
 Heap Initial Capacity: 160M
 Heap Max Capacity: 2530M
 Pre-touch: Disabled
 Parallel Workers: 8
 Concurrent Workers: 2
 Concurrent Refinement Workers: 8
 Periodic GC: Disabled
Heap:
 garbage-first heap   total 83968K, used 38633K [0x0000000761e00000, 0x0000000800000000)
  region size 2048K, 7 young (14336K), 2 survivors (4096K)
 Metaspace       used 72806K, committed 73856K, reserved 1114112K
  class space    used 9911K, committed 10368K, reserved 1048576K
GC Heap History (20 events):
Event: 6.947 GC heap before
{Heap before GC invocations=23 (full 0):
 garbage-first heap   total 69632K, used 57409K [0x0000000761e00000, 0x0000000800000000)
  region size 2048K, 18 young (36864K), 2 survivors (4096K)
 Metaspace       used 57235K, committed 57920K, reserved 1114112K
  class space    used 7794K, committed 8128K, reserved 1048576K
}
Event: 6.950 GC heap after
{Heap after GC invocations=24 (full 0):
 garbage-first heap   total 69632K, used 25205K [0x0000000761e00000, 0x0000000800000000)
  region size 2048K, 2 young (4096K), 2 survivors (4096K)
 Metaspace       used 57235K, committed 57920K, reserved 1114112K
  class space    used 7794K, committed 8128K, reserved 1048576K
}
Event: 7.308 GC heap before
{Heap before GC invocations=24 (full 0):
 garbage-first heap   total 69632K, used 55925K [0x0000000761e00000, 0x0000000800000000)
  region size 2048K, 18 young (36864K), 2 survivors (4096K)
 Metaspace       used 60554K, committed 61248K, reserved 1114112K
  class space    used 8282K, committed 8640K, reserved 1048576K
}
Event: 7.312 GC heap after
{Heap after GC invocations=25 (full 0):
 garbage-first heap   total 83968K, used 25850K [0x0000000761e00000, 0x0000000800000000)
  region size 2048K, 2 young (4096K), 2 survivors (4096K)
 Metaspace       used 60554K, committed 61248K, reserved 1114112K
  class space    used 8282K, committed 8640K, reserved 1048576K
}
Event: 7.883 GC heap before
{Heap before GC invocations=25 (full 0):
 garbage-first heap   total 83968K, used 68858K [0x0000000761e00000, 0x0000000800000000)
  region size 2048K, 24 young (49152K), 2 survivors (4096K)
 Metaspace       used 64126K, committed 64896K, reserved 1114112K
  class space    used 8731K, committed 9088K, reserved 1048576K
}
Event: 7.888 GC heap after
{Heap after GC invocations=26 (full 0):
 garbage-first heap   total 83968K, used 28054K [0x0000000761e00000, 0x0000000800000000)
  region size 2048K, 3 young (6144K), 3 survivors (6144K)
 Metaspace       used 64126K, committed 64896K, reserved 1114112K
  class space    used 8731K, committed 9088K, reserved 1048576K
}
Event: 8.412 GC heap before
{Heap before GC invocations=26 (full 0):
 garbage-first heap   total 83968K, used 69014K [0x0000000761e00000, 0x0000000800000000)
  region size 2048K, 23 young (47104K), 3 survivors (6144K)
 Metaspace       used 67239K, committed 67968K, reserved 1114112K
  class space    used 9145K, committed 9472K, reserved 1048576K
}
Event: 8.418 GC heap after
{Heap after GC invocations=27 (full 0):
 garbage-first heap   total 83968K, used 30720K [0x0000000761e00000, 0x0000000800000000)
  region size 2048K, 3 young (6144K), 3 survivors (6144K)
 Metaspace       used 67239K, committed 67968K, reserved 1114112K
  class space    used 9145K, committed 9472K, reserved 1048576K
}
Event: 16.520 GC heap before
{Heap before GC invocations=27 (full 0):
 garbage-first heap   total 83968K, used 67584K [0x0000000761e00000, 0x0000000800000000)
  region size 2048K, 22 young (45056K), 3 survivors (6144K)
 Metaspace       used 71011K, committed 71872K, reserved 1114112K
  class space    used 9667K, committed 10048K, reserved 1048576K
}
Event: 16.527 GC heap after
{Heap after GC invocations=28 (full 0):
 garbage-first heap   total 83968K, used 32296K [0x0000000761e00000, 0x0000000800000000)
  region size 2048K, 3 young (6144K), 3 survivors (6144K)
 Metaspace       used 71011K, committed 71872K, reserved 1114112K
  class space    used 9667K, committed 10048K, reserved 1048576K
}
Event: 115.491 GC heap before
{Heap before GC invocations=28 (full 0):
 garbage-first heap   total 83968K, used 56872K [0x0000000761e00000, 0x0000000800000000)
  region size 2048K, 16 young (32768K), 3 survivors (6144K)
 Metaspace       used 72884K, committed 73792K, reserved 1114112K
  class space    used 9979K, committed 10368K, reserved 1048576K
}
Event: 115.538 GC heap after
{Heap after GC invocations=29 (full 1):
 garbage-first heap   total 83968K, used 27801K [0x0000000761e00000, 0x0000000800000000)
  region size 2048K, 0 young (0K), 0 survivors (0K)
 Metaspace       used 72884K, committed 73792K, reserved 1114112K
  class space    used 9979K, committed 10368K, reserved 1048576K
}
Event: 116.251 GC heap before
{Heap before GC invocations=29 (full 1):
 garbage-first heap   total 83968K, used 72857K [0x0000000761e00000, 0x0000000800000000)
  region size 2048K, 22 young (45056K), 0 survivors (0K)
 Metaspace       used 72921K, committed 73856K, reserved 1114112K
  class space    used 9985K, committed 10368K, reserved 1048576K
}
Event: 116.255 GC heap after
{Heap after GC invocations=30 (full 1):
 garbage-first heap   total 83968K, used 32104K [0x0000000761e00000, 0x0000000800000000)
  region size 2048K, 3 young (6144K), 3 survivors (6144K)
 Metaspace       used 72921K, committed 73856K, reserved 1114112K
  class space    used 9985K, committed 10368K, reserved 1048576K
}
Event: 147.287 GC heap before
{Heap before GC invocations=31 (full 1):
 garbage-first heap   total 83968K, used 64872K [0x0000000761e00000, 0x0000000800000000)
  region size 2048K, 19 young (38912K), 3 survivors (6144K)
 Metaspace       used 72699K, committed 73856K, reserved 1114112K
  class space    used 9897K, committed 10368K, reserved 1048576K
}
Event: 147.293 GC heap after
{Heap after GC invocations=32 (full 1):
 garbage-first heap   total 83968K, used 33822K [0x0000000761e00000, 0x0000000800000000)
  region size 2048K, 2 young (4096K), 2 survivors (4096K)
 Metaspace       used 72699K, committed 73856K, reserved 1114112K
  class space    used 9897K, committed 10368K, reserved 1048576K
}
Event: 217.000 GC heap before
{Heap before GC invocations=32 (full 1):
 garbage-first heap   total 83968K, used 35870K [0x0000000761e00000, 0x0000000800000000)
  region size 2048K, 4 young (8192K), 2 survivors (4096K)
 Metaspace       used 72705K, committed 73856K, reserved 1114112K
  class space    used 9898K, committed 10368K, reserved 1048576K
}
Event: 217.048 GC heap after
{Heap after GC invocations=33 (full 2):
 garbage-first heap   total 83968K, used 26800K [0x0000000761e00000, 0x0000000800000000)
  region size 2048K, 0 young (0K), 0 survivors (0K)
 Metaspace       used 72701K, committed 73856K, reserved 1114112K
  class space    used 9897K, committed 10368K, reserved 1048576K
}
Event: 217.636 GC heap before
{Heap before GC invocations=33 (full 2):
 garbage-first heap   total 83968K, used 67760K [0x0000000761e00000, 0x0000000800000000)
  region size 2048K, 21 young (43008K), 0 survivors (0K)
 Metaspace       used 72729K, committed 73856K, reserved 1114112K
  class space    used 9902K, committed 10368K, reserved 1048576K
}
Event: 217.640 GC heap after
{Heap after GC invocations=34 (full 2):
 garbage-first heap   total 83968K, used 30441K [0x0000000761e00000, 0x0000000800000000)
  region size 2048K, 2 young (4096K), 2 survivors (4096K)
 Metaspace       used 72729K, committed 73856K, reserved 1114112K
  class space    used 9902K, committed 10368K, reserved 1048576K
}

